Wed Feb 18 12:02:56 2026: 🚀 SC902 Started - Made by SSI902 😎
Wed Feb 18 12:02:58 2026: Checked: 1BdP1iqVMXxfXqGTWJy5nmortULLWYhxYH (0) (Mnemonic)
Wed Feb 18 12:02:58 2026: Checked: 1MP3a5iLSyqEqc1AjaBkTbG5cBqwU4JNZH (0) (Brain)
Wed Feb 18 12:03:02 2026: Checked: 1HTLvbLvZkNHfhfxtRFaFVZrHJZhDr8tQh (0) (Mnemonic)
Wed Feb 18 12:03:02 2026: Checked: 1A4xTbK2V2D5zYgkaG1EVZSJFz7WP4DcH5 (0) (Brain)
Wed Feb 18 12:03:06 2026: Checked: 1CBoFdTHawZpkVvvyRYzoNbb2dXJp62p2q (0) (Mnemonic)
Wed Feb 18 12:03:06 2026: Checked: 1DHWJ6pRYDZ1MqtK5m5Z1z8WLGBereTQJS (0) (Brain)
Wed Feb 18 12:03:10 2026: Checked: 1JZsJkfqaqRgfRkMjdxnwSYbAbrZbkbzBo (0) (Mnemonic)
Wed Feb 18 12:03:10 2026: Checked: 19szMKBnaKkyAHiocbP9xQMhuX22pV2TKb (0) (Brain)
Wed Feb 18 12:03:14 2026: Checked: 167ar8W39Cv8kSqepdc2gNHeUYrFSeysUU (0) (Brain)
Wed Feb 18 12:03:14 2026: Checked: 1kWwz2M3W9UyKb9UC7c4GjCurhargBQVq (0) (Mnemonic)
Wed Feb 18 12:03:18 2026: Checked: 1MU62h8aktpWEgc2sNMLchEibgCCRfKGs2 (0) (Brain)
Wed Feb 18 12:03:18 2026: Checked: 17QBf5gB7qtUQdUvLakV4jooSLLbcJBz3h (0) (Brain)
Wed Feb 18 12:03:22 2026: Checked: 1KtTWNKMDJACEy9hKmxcw1bLkaGKT5Eche (0) (Mnemonic)
Wed Feb 18 12:03:22 2026: Checked: 1MAJxd2xgUF2XvjuZPwDk1nXS12B13ZA5u (0) (Mnemonic)
Wed Feb 18 12:03:27 2026: Checked: 1NP9hefoSf7qqQcJ8uPCdR7zeuS1kiQCsH (0) (Brain)
Wed Feb 18 12:03:27 2026: Checked: 1Fzb7witE9voLZD4ig313EDYAuPUTUuMwo (0) (Mnemonic)
Wed Feb 18 12:03:31 2026: Checked: 15tSsHPC68g9yFC499dGh5XaE5KGykwVeV (0) (Mnemonic)
Wed Feb 18 12:03:31 2026: Checked: 1EjUsBmmtbpA56whYEiNVsY3TyHMvuaqEU (0) (Brain)
Wed Feb 18 12:03:35 2026: Checked: 1L2s7UQ9mpNxvB5hVWsbFrQDUz1XnNfTvS (0) (Mnemonic)
Wed Feb 18 12:03:35 2026: Checked: 14mFEF1XshYnfL4F5awTfuMqTB9MqgTw4b (0) (Mnemonic)
Wed Feb 18 12:03:39 2026: Checked: 1CYFDLRXb8K4791zuP1L8SW8suF3BMskeA (0) (Brain)
Wed Feb 18 12:03:39 2026: Checked: 1EJ55XPVAVGjGdiRpQp3Am781qYJtioPkD (0) (Mnemonic)
Wed Feb 18 12:03:43 2026: Checked: 1AVca2AJQ99feiPTvqcTTVg4TfQYXchJ5N (0) (Brain)
Wed Feb 18 12:03:43 2026: Checked: 13t7ZJbWEe3JPRarudvBFZ1WmdCRrPTCVf (0) (Mnemonic)
Wed Feb 18 12:03:48 2026: Checked: 1FyirSbiAXTBs4vrSFv2VMW4MurBis4LC8 (0) (Brain)
Wed Feb 18 12:03:48 2026: Checked: 17JJK746bqDrKDd42Si2yEnQEuVgdEi4tW (0) (Mnemonic)
Wed Feb 18 12:03:52 2026: Checked: 1PsJaZRVW8ZhXLNHQhcasZs2XXD9yX4sBy (0) (Brain)
Wed Feb 18 12:03:52 2026: Checked: 1FQTnm5yBLLMa6uGD54JN6pUfmBwLKEHi7 (0) (Mnemonic)
Wed Feb 18 12:03:56 2026: Checked: 1BrQYmbXtdogMkQvPwJgUTUwhMi8ZKekJz (0) (Mnemonic)
Wed Feb 18 12:03:56 2026: Checked: 18wn9Pg1C371J4Akz5C7yZQvkZyXeJ5LSw (0) (Brain)
Wed Feb 18 12:04:00 2026: Checked: 1L8WZG22RMEjyaF4yKzPuAhh5j7jWu4TNg (0) (Brain)
Wed Feb 18 12:04:00 2026: Checked: 1CVvWucCpXxDSpUKGMZdCRqRYzR3wUJRET (0) (Brain)
Wed Feb 18 12:04:04 2026: Checked: 1KtDSRpg2fsmS2t4tjNngWnFScUzQ8QJ8a (0) (Mnemonic)
Wed Feb 18 12:04:04 2026: Checked: 1LKBsAnzUrmiwdWE6oSiQLkuMLo3KDfUMU (0) (Mnemonic)
Wed Feb 18 12:04:08 2026: Checked: 14RX6kPGzMhLvfUhxKxZYpWFJgSPggJuZM (0) (Brain)
Wed Feb 18 12:04:08 2026: Checked: 1E79vQmpFpXkxdPcm6Pw6Tw55foHPD65L5 (0) (Mnemonic)
Wed Feb 18 12:04:12 2026: Checked: 1CDXxm1NiyokHnQa53kLDUGqxkNgxcnWWF (0) (Brain)
Wed Feb 18 12:04:13 2026: Checked: 19AeYwcvpJayovfkHfXLjrw3g125eHPmse (0) (Brain)
Wed Feb 18 12:04:16 2026: Checked: 16B43Ny13L5kquGkiZvTztuzyTfoCenQFJ (0) (Brain)
Wed Feb 18 12:04:16 2026: Checked: 12Fm9kYNtZcAwRMxQszUToRpwUo5rn2j7Q (0) (Brain)
Wed Feb 18 12:04:21 2026: Checked: 13dJHKjkj2MLarSsDUAAWkLYo5Z7kdFvdW (0) (Mnemonic)
Wed Feb 18 12:04:21 2026: Checked: 1BK3axgG53qKcqDZHGjVQqbRTHUcrUY3xb (0) (Brain)
Wed Feb 18 12:04:25 2026: Checked: 11397zcr9ovr4zGPykx3qbUszzwYUYyDo7 (0) (Brain)
Wed Feb 18 12:04:25 2026: Checked: 19fkBZimiFubqz2Xr7WD1dR9v5T4EDwgn4 (0) (Brain)
Wed Feb 18 12:04:29 2026: Checked: 1Bc2wPmLaxzN1t1A4SzzTL15YmAJiFR6jQ (0) (Brain)
Wed Feb 18 12:04:29 2026: Checked: 17qAe7ToFEfT16nyTzzi2FhLW1vi7hnqUj (0) (Brain)
Wed Feb 18 12:04:33 2026: Checked: 1L8y4Npc9KaeuentUb7KwN8odcA8unHyqD (0) (Mnemonic)
Wed Feb 18 12:04:33 2026: Checked: 1EHd6ymNWnzmW32os8ReEU1pnoyo5JRbPn (0) (Mnemonic)
Wed Feb 18 12:04:37 2026: Checked: 18meoEGDotYRXRcjDNhG7uKGfCbAq4zTCn (0) (Brain)
Wed Feb 18 12:04:37 2026: Checked: 1DKKqUg3GPE1fKenVqnD8DJM43abkJGqiW (0) (Mnemonic)
Wed Feb 18 12:04:41 2026: Checked: 1B6x1YaopzP9H8MTLd6qgsdLwLNKbYVjUL (0) (Brain)
Wed Feb 18 12:04:41 2026: Checked: 166hHDm6XC5MhPSFKodT45vwBxKVmSkzcY (0) (Brain)
Wed Feb 18 12:04:46 2026: Checked: 14Bb47dkqFajBrSJuC26ojDtTTAaQ72YUm (0) (Mnemonic)
Wed Feb 18 12:04:46 2026: Checked: 1CLavU2iaZLpjQmjyGedN4LJWUmPH8ZPQG (0) (Brain)
Wed Feb 18 12:04:50 2026: Checked: 1L1z3LRnMHqA9dyBe4UiLrFwG8YDeZyF5M (0) (Brain)
Wed Feb 18 12:04:50 2026: Checked: 17fjRGJJDNBoJ9xocv3Gpb2W56njKpyD4w (0) (Brain)
Wed Feb 18 12:04:54 2026: Checked: 1neWW1skz6aCzJqtgpemD1yCQhwBVSzUg (0) (Mnemonic)
Wed Feb 18 12:04:54 2026: Checked: 19B8KBDVuY4x4basad49bdgaWew3eLaAnz (0) (Brain)
Wed Feb 18 12:04:58 2026: Checked: 13XTZc26DSPS1FDDp8tF94Hn6hdu4URA6s (0) (Brain)
Wed Feb 18 12:04:58 2026: Checked: 112L4jzB5nG38zxJVd5qzSCW6R83xDSNcB (0) (Brain)
Wed Feb 18 12:05:02 2026: Checked: 1KZmYUoP7CuK5xoUup1Q7yGygdi72DeyP6 (0) (Mnemonic)
Wed Feb 18 12:05:02 2026: Checked: 19QWu2K1VJPDpUWUTAZMMSAFc2a7J8sUtK (0) (Mnemonic)
Wed Feb 18 12:05:06 2026: Checked: 1DAvMs9eSJdpw1aBV8VrzxxRURZthYiJSE (0) (Brain)
Wed Feb 18 12:05:06 2026: Checked: 1A6NVtVpKXM3yCvWpZxawcq5k7rARRtTPC (0) (Mnemonic)
Wed Feb 18 12:05:10 2026: Checked: 19C7KAZZpjgqJ7XcdNGbztyRohk1M7Ki7Z (0) (Brain)
Wed Feb 18 12:05:10 2026: Checked: 1BiHG5ME7984vQ85NxkKgvzSqBpypFeDvs (0) (Mnemonic)
Wed Feb 18 12:05:14 2026: Checked: 1A9gi3HDHzs2irHW7BPnKcfiZB1Qahdxk2 (0) (Brain)
Wed Feb 18 12:05:15 2026: Checked: 13nDkxWX5HazAnDDLJ1iv7DWVUypTTa1JK (0) (Mnemonic)
Wed Feb 18 12:05:19 2026: Checked: 19PhLSFhTDHSFLBXNTe9etbPsb2onVNreY (0) (Mnemonic)
Wed Feb 18 12:05:19 2026: Checked: 1FsSYjmgcc5sj6vieyMGQXXasUNqNGiCpu (0) (Mnemonic)
Wed Feb 18 12:05:23 2026: Checked: 124nxEme2fbr7wHDHC67Chq6mcsgZcMUuL (0) (Mnemonic)
Wed Feb 18 12:05:23 2026: Checked: 1AwhpA4NKNFdJmY61m6HZL9fHivuErLhu3 (0) (Mnemonic)
Wed Feb 18 12:05:27 2026: Checked: 1NBVJqkaBs5qdHmTJJmc3zsWF7BjrUAtDF (0) (Brain)
Wed Feb 18 12:05:27 2026: Checked: 16YNbXS15TG3WcVagYViPj8xFjfvWmanEE (0) (Mnemonic)
Wed Feb 18 12:05:31 2026: Checked: 1QHbo19QHy8wjPFkQLMJAyE2o7cuyjGReX (0) (Brain)
Wed Feb 18 12:05:31 2026: Checked: 1CBDrczjznpJmKo1saL2mMKUAHFwq5HvZu (0) (Brain)
Wed Feb 18 12:05:35 2026: Checked: 1FJec3DR5vtyALjRKYFZN72XZe7ExE6GJH (0) (Mnemonic)
Wed Feb 18 12:05:35 2026: Checked: 1MGP5SXiT1h4N6spPt5jEqUTd7HQ95CCRD (0) (Mnemonic)
Wed Feb 18 12:05:39 2026: Checked: 18vskesob72uTTZkhjP2cJAtPwdB4aA7AN (0) (Brain)
Wed Feb 18 12:05:39 2026: Checked: 1GeiM8Ujx92Ha1SyfR7VQf4UMEJsr41j3k (0) (Brain)
Wed Feb 18 12:05:43 2026: Checked: 1EvaHdEQTMLt84KdHxiRStGHwPXRzhEAJa (0) (Mnemonic)
Wed Feb 18 12:05:44 2026: Checked: 14ZTTR1s4E8RyZQ86AjUJoW7aZoFttCVSY (0) (Mnemonic)
Wed Feb 18 12:05:48 2026: Checked: 12vRAcirUnf9BhsDifTpFLkhXgbrApZ7ea (0) (Mnemonic)
Wed Feb 18 12:05:48 2026: Checked: 135tNCb7mc1FiMXaf6pUifLDUxcoMTz25F (0) (Brain)
Wed Feb 18 12:05:52 2026: Checked: 1Kv3ayJRhDZfr9dGSW7gD3U9Ph6vA7sViu (0) (Brain)
Wed Feb 18 12:05:52 2026: Checked: 135FhUDrTThWiPyuTgdZPWGRaEVsurSpUF (0) (Brain)
Wed Feb 18 12:05:56 2026: Checked: 12nsPvx4idsHrE8bjVZ62Le1dhUTEsuHRC (0) (Brain)
Wed Feb 18 12:05:56 2026: Checked: 1Eon4i1yvf5jArEhAVgFYCbzhYfrqSsfRW (0) (Mnemonic)
Wed Feb 18 12:06:00 2026: Checked: 12a2R7b12rrUNAYDG1oukc9XbWb9fD7Xqn (0) (Brain)
Wed Feb 18 12:06:00 2026: Checked: 19NumspLLy1LNj82z6aYng584CZeTkQvq8 (0) (Brain)
Wed Feb 18 12:06:04 2026: Checked: 1KNDeNSi76R9nbnHeFM37c39mkeevfiToG (0) (Mnemonic)
Wed Feb 18 12:06:04 2026: Checked: 1NykpVaqunVdYp4kciSgxaRFNSfSYzMaox (0) (Mnemonic)
Wed Feb 18 12:06:08 2026: Checked: 1NKky7ZdYTLRk4rCRRX1LymtBXFMvigUf9 (0) (Mnemonic)
Wed Feb 18 12:06:08 2026: Checked: 1DrPGEgjiv2BMWcZD31rBfgbUvYPAJVHCt (0) (Mnemonic)
Wed Feb 18 12:06:12 2026: Checked: 1Fd6coc6sEJaPWmxNseAvS1NpoEEmJQFRi (0) (Brain)
Wed Feb 18 12:06:12 2026: Checked: 17mmcRXn9cZ6LPKsDxViTt5aDc3L3ZNEu3 (0) (Brain)
Wed Feb 18 12:06:16 2026: Checked: 156znPAcGHKYgHgdDfrs9namHP3QePNbrC (0) (Brain)
Wed Feb 18 12:06:17 2026: Checked: 1AFuAZsVRYeiEWSGZ6GBV3vTYWkxXC9rsf (0) (Mnemonic)
Wed Feb 18 12:06:20 2026: Checked: 1Gvvs5MiQf4fvxG9KPonBvwLq1g7H2c5s6 (0) (Mnemonic)
Wed Feb 18 12:06:21 2026: Checked: 17roYYTgBoEqcL9RciiSSru7uRDi7TBuSc (0) (Brain)
Wed Feb 18 12:06:25 2026: Checked: 1436PQYHqsZX8bMcRtcsqVfdWGN3zdke8n (0) (Mnemonic)
Wed Feb 18 12:06:25 2026: Checked: 13EDfyghMwDVc6Ew5eiY8uaTKUuPYnqaJU (0) (Brain)
Wed Feb 18 12:06:29 2026: Checked: 19Ypi2EAMaukY4SQ2EQSknBigHx151Y2qi (0) (Mnemonic)
Wed Feb 18 12:06:29 2026: Checked: 1JjycxzwHhQthoNb6h8ZBFeHrWW9oyJAAZ (0) (Mnemonic)
Wed Feb 18 12:06:33 2026: Checked: 12h2E4JEQzS197A6Lkr8ocxMDEvCDrwmjm (0) (Brain)
Wed Feb 18 12:06:33 2026: Checked: 1tWoqETnyQFWHZmMGRr1pmobFfCe5MCsk (0) (Mnemonic)
Wed Feb 18 12:06:37 2026: Checked: 1G97iGLroA36gSwo2KHD2FFY3L3sp6ycj (0) (Mnemonic)
Wed Feb 18 12:06:37 2026: Checked: 1D5P6AWKWL4nH8Urkak9uERu2YUqN6BY93 (0) (Brain)
Wed Feb 18 12:06:42 2026: Checked: 15hNZYgc45oAJ2s9djcf54wpeGsaDXBeZX (0) (Mnemonic)
Wed Feb 18 12:06:42 2026: Checked: 1KcYQaQBsjf8EVKsLNN58Ce2VRKAP9K7DG (0) (Brain)
Wed Feb 18 12:06:46 2026: Checked: 1J6ptEPZdan13M7q9xYjH9BSmfAhSHESg3 (0) (Brain)
Wed Feb 18 12:06:46 2026: Checked: 17a3hx41WNnoyCpmepfkM9RZAoUKXkQPKE (0) (Mnemonic)
Wed Feb 18 12:06:50 2026: Checked: 1CXtbLDUxbi4PKj2jHVByksh1UM3B4JYAm (0) (Mnemonic)
Wed Feb 18 12:06:50 2026: Checked: 14gEvFrAsJV3boYH9QdvvVm2gxe4HjtLKf (0) (Mnemonic)
Wed Feb 18 12:06:54 2026: Checked: 123kUkTwiEtAn7FrSU3Y1JToKqNFzToG1j (0) (Mnemonic)
Wed Feb 18 12:06:54 2026: Checked: 1MnfL3ev5YwHocCKZJNrYe77JxPtj7n8Ep (0) (Brain)
Wed Feb 18 12:06:58 2026: Checked: 14hM1s2qRyfcdvbyviz5Wig39xdGYA5z9H (0) (Brain)
Wed Feb 18 12:06:58 2026: Checked: 1Bj55aA4xfEzTezPVp2E77nF5sYfAE9hEx (0) (Brain)
Wed Feb 18 12:07:02 2026: Checked: 1E2BuXCgBshRj8jf5EmWCRvJ51hmkXee1G (0) (Brain)
Wed Feb 18 12:07:03 2026: Checked: 1ExoGHivUiX54LHPX8YvTJqVfZAnLKZnr7 (0) (Mnemonic)
Wed Feb 18 12:07:06 2026: Checked: 1AE18gmRNRWBejKTSyhSay3P9HwWCpZk2Y (0) (Brain)
Wed Feb 18 12:07:07 2026: Checked: 1Mf357Svw3YzfXGHiH1gzqXi3nma7CN9wp (0) (Mnemonic)
Wed Feb 18 12:07:11 2026: Checked: 17DVUgxUDaHN7N7z193bBHmArrpZ1x4PtL (0) (Mnemonic)
Wed Feb 18 12:07:11 2026: Checked: 1ApgXJAMPV74kEdJguLHGdQfWhS8bn9EvC (0) (Mnemonic)
Wed Feb 18 12:07:15 2026: Checked: 1DKi6RBYg1LCdnce14KdZ4BMmFpyJFnqkd (0) (Brain)
Wed Feb 18 12:07:15 2026: Checked: 1AEJeXWBT7H2BpufDv22bxuQtUUDqj59mP (0) (Brain)
Wed Feb 18 12:07:19 2026: Checked: 1LRrG1rCEggCm4d5rejtFyuUkFg1pE8xrR (0) (Mnemonic)
Wed Feb 18 12:07:19 2026: Checked: 15My9WBSFNP5n3g9zLxXbwinSitm2w2rBp (0) (Mnemonic)
Wed Feb 18 12:07:23 2026: Checked: 1Bfvri2uNW3ZEVFv4CosTvNJP5FYXL9xy6 (0) (Brain)
Wed Feb 18 12:07:23 2026: Checked: 172tb41aXWM9g5ZJYgzab1THRBMs5UgpYf (0) (Brain)
Wed Feb 18 12:07:27 2026: Checked: 1MNEqEKmYyi8rukncnhs23gbPBPZx2Prdu (0) (Mnemonic)
Wed Feb 18 12:07:27 2026: Checked: 1DexubSZMWXJU5D4qLXrqrycuWcDM5y2dU (0) (Brain)
Wed Feb 18 12:07:31 2026: Checked: 1Cp8bVRciogT4oqkvxvUL5pkjQ6e93N7x7 (0) (Mnemonic)
Wed Feb 18 12:07:34 2026: Checked: 1GqPjCpMn6FPDQR6p3TTfrR8M17rwXAyAP (0) (Mnemonic)
Wed Feb 18 12:07:35 2026: Checked: 1M5pRe8R97RxPGKDajEfhxyx1RsZ14tp5k (0) (Mnemonic)
Wed Feb 18 12:07:38 2026: Checked: 1GgAFbiTw8tYE3SkjnKQ8BN5xKUJzFLUw2 (0) (Mnemonic)
Wed Feb 18 12:07:39 2026: Checked: 1BpryytPQoKnVeftSuqjpAfFGfoqb9Lgp4 (0) (Brain)
Wed Feb 18 12:07:43 2026: Checked: 18czYDast61JDhcAFL69sbsGgmFZ7rJHCr (0) (Mnemonic)
Wed Feb 18 12:07:44 2026: Checked: 1A4W3rhaqJSr2Mg8Qc1HWp8jtXjztPWyxZ (0) (Brain)
Wed Feb 18 12:07:47 2026: Checked: 1GJ5kUTMUxDqg23NtJwxnMzGEFt4Kt77eW (0) (Brain)
Wed Feb 18 12:07:48 2026: Checked: 1MNfC3r7RmHVP8HvqFuC62C3NQNpXamRHR (0) (Mnemonic)
Wed Feb 18 12:07:52 2026: Checked: 13iLnAGK2nvoxCpGF4Ai4Eeec2Lto6ohjt (0) (Mnemonic)
🚀 SC902 Started - Made by SSI902 😎
Checked: 1BdP1iqVMXxfXqGTWJy5nmortULLWYhxYH (0) (Mnemonic)
Checked: 1MP3a5iLSyqEqc1AjaBkTbG5cBqwU4JNZH (0) (Brain)
Checked: 1HTLvbLvZkNHfhfxtRFaFVZrHJZhDr8tQh (0) (Mnemonic)
Checked: 1A4xTbK2V2D5zYgkaG1EVZSJFz7WP4DcH5 (0) (Brain)
Checked: 1CBoFdTHawZpkVvvyRYzoNbb2dXJp62p2q (0) (Mnemonic)
Checked: 1DHWJ6pRYDZ1MqtK5m5Z1z8WLGBereTQJS (0) (Brain)
Checked: 1JZsJkfqaqRgfRkMjdxnwSYbAbrZbkbzBo (0) (Mnemonic)
Checked: 19szMKBnaKkyAHiocbP9xQMhuX22pV2TKb (0) (Brain)
Checked: 167ar8W39Cv8kSqepdc2gNHeUYrFSeysUU (0) (Brain)
Checked: 1kWwz2M3W9UyKb9UC7c4GjCurhargBQVq (0) (Mnemonic)
Checked: 1MU62h8aktpWEgc2sNMLchEibgCCRfKGs2 (0) (Brain)
Checked: 17QBf5gB7qtUQdUvLakV4jooSLLbcJBz3h (0) (Brain)
Checked: 1KtTWNKMDJACEy9hKmxcw1bLkaGKT5Eche (0) (Mnemonic)
Checked: 1MAJxd2xgUF2XvjuZPwDk1nXS12B13ZA5u (0) (Mnemonic)
Checked: 1NP9hefoSf7qqQcJ8uPCdR7zeuS1kiQCsH (0) (Brain)
Checked: 1Fzb7witE9voLZD4ig313EDYAuPUTUuMwo (0) (Mnemonic)
Checked: 15tSsHPC68g9yFC499dGh5XaE5KGykwVeV (0) (Mnemonic)
Checked: 1EjUsBmmtbpA56whYEiNVsY3TyHMvuaqEU (0) (Brain)
Checked: 1L2s7UQ9mpNxvB5hVWsbFrQDUz1XnNfTvS (0) (Mnemonic)
Checked: 14mFEF1XshYnfL4F5awTfuMqTB9MqgTw4b (0) (Mnemonic)
Checked: 1CYFDLRXb8K4791zuP1L8SW8suF3BMskeA (0) (Brain)
Checked: 1EJ55XPVAVGjGdiRpQp3Am781qYJtioPkD (0) (Mnemonic)
Checked: 1AVca2AJQ99feiPTvqcTTVg4TfQYXchJ5N (0) (Brain)
Checked: 13t7ZJbWEe3JPRarudvBFZ1WmdCRrPTCVf (0) (Mnemonic)
Checked: 1FyirSbiAXTBs4vrSFv2VMW4MurBis4LC8 (0) (Brain)
Checked: 17JJK746bqDrKDd42Si2yEnQEuVgdEi4tW (0) (Mnemonic)
Checked: 1PsJaZRVW8ZhXLNHQhcasZs2XXD9yX4sBy (0) (Brain)
Checked: 1FQTnm5yBLLMa6uGD54JN6pUfmBwLKEHi7 (0) (Mnemonic)
Checked: 1BrQYmbXtdogMkQvPwJgUTUwhMi8ZKekJz (0) (Mnemonic)
Checked: 18wn9Pg1C371J4Akz5C7yZQvkZyXeJ5LSw (0) (Brain)
Checked: 1L8WZG22RMEjyaF4yKzPuAhh5j7jWu4TNg (0) (Brain)
Checked: 1CVvWucCpXxDSpUKGMZdCRqRYzR3wUJRET (0) (Brain)
Checked: 1KtDSRpg2fsmS2t4tjNngWnFScUzQ8QJ8a (0) (Mnemonic)
Checked: 1LKBsAnzUrmiwdWE6oSiQLkuMLo3KDfUMU (0) (Mnemonic)
Checked: 14RX6kPGzMhLvfUhxKxZYpWFJgSPggJuZM (0) (Brain)
Checked: 1E79vQmpFpXkxdPcm6Pw6Tw55foHPD65L5 (0) (Mnemonic)
Checked: 1CDXxm1NiyokHnQa53kLDUGqxkNgxcnWWF (0) (Brain)
Checked: 19AeYwcvpJayovfkHfXLjrw3g125eHPmse (0) (Brain)
Checked: 16B43Ny13L5kquGkiZvTztuzyTfoCenQFJ (0) (Brain)
Checked: 12Fm9kYNtZcAwRMxQszUToRpwUo5rn2j7Q (0) (Brain)
Checked: 13dJHKjkj2MLarSsDUAAWkLYo5Z7kdFvdW (0) (Mnemonic)
Checked: 1BK3axgG53qKcqDZHGjVQqbRTHUcrUY3xb (0) (Brain)
Checked: 11397zcr9ovr4zGPykx3qbUszzwYUYyDo7 (0) (Brain)
Checked: 19fkBZimiFubqz2Xr7WD1dR9v5T4EDwgn4 (0) (Brain)
Checked: 1Bc2wPmLaxzN1t1A4SzzTL15YmAJiFR6jQ (0) (Brain)
Checked: 17qAe7ToFEfT16nyTzzi2FhLW1vi7hnqUj (0) (Brain)
Checked: 1L8y4Npc9KaeuentUb7KwN8odcA8unHyqD (0) (Mnemonic)
Checked: 1EHd6ymNWnzmW32os8ReEU1pnoyo5JRbPn (0) (Mnemonic)
Checked: 18meoEGDotYRXRcjDNhG7uKGfCbAq4zTCn (0) (Brain)
Checked: 1DKKqUg3GPE1fKenVqnD8DJM43abkJGqiW (0) (Mnemonic)
Checked: 1B6x1YaopzP9H8MTLd6qgsdLwLNKbYVjUL (0) (Brain)
Checked: 166hHDm6XC5MhPSFKodT45vwBxKVmSkzcY (0) (Brain)
Checked: 14Bb47dkqFajBrSJuC26ojDtTTAaQ72YUm (0) (Mnemonic)
Checked: 1CLavU2iaZLpjQmjyGedN4LJWUmPH8ZPQG (0) (Brain)
Checked: 1L1z3LRnMHqA9dyBe4UiLrFwG8YDeZyF5M (0) (Brain)
Checked: 17fjRGJJDNBoJ9xocv3Gpb2W56njKpyD4w (0) (Brain)
Checked: 1neWW1skz6aCzJqtgpemD1yCQhwBVSzUg (0) (Mnemonic)
Checked: 19B8KBDVuY4x4basad49bdgaWew3eLaAnz (0) (Brain)
Checked: 13XTZc26DSPS1FDDp8tF94Hn6hdu4URA6s (0) (Brain)
Checked: 112L4jzB5nG38zxJVd5qzSCW6R83xDSNcB (0) (Brain)
Checked: 1KZmYUoP7CuK5xoUup1Q7yGygdi72DeyP6 (0) (Mnemonic)
Checked: 19QWu2K1VJPDpUWUTAZMMSAFc2a7J8sUtK (0) (Mnemonic)
Checked: 1DAvMs9eSJdpw1aBV8VrzxxRURZthYiJSE (0) (Brain)
Checked: 1A6NVtVpKXM3yCvWpZxawcq5k7rARRtTPC (0) (Mnemonic)
Checked: 19C7KAZZpjgqJ7XcdNGbztyRohk1M7Ki7Z (0) (Brain)
Checked: 1BiHG5ME7984vQ85NxkKgvzSqBpypFeDvs (0) (Mnemonic)
Checked: 1A9gi3HDHzs2irHW7BPnKcfiZB1Qahdxk2 (0) (Brain)
Checked: 13nDkxWX5HazAnDDLJ1iv7DWVUypTTa1JK (0) (Mnemonic)
Checked: 19PhLSFhTDHSFLBXNTe9etbPsb2onVNreY (0) (Mnemonic)
Checked: 1FsSYjmgcc5sj6vieyMGQXXasUNqNGiCpu (0) (Mnemonic)
Checked: 124nxEme2fbr7wHDHC67Chq6mcsgZcMUuL (0) (Mnemonic)
Checked: 1AwhpA4NKNFdJmY61m6HZL9fHivuErLhu3 (0) (Mnemonic)
Checked: 1NBVJqkaBs5qdHmTJJmc3zsWF7BjrUAtDF (0) (Brain)
Checked: 16YNbXS15TG3WcVagYViPj8xFjfvWmanEE (0) (Mnemonic)
Checked: 1QHbo19QHy8wjPFkQLMJAyE2o7cuyjGReX (0) (Brain)
Checked: 1CBDrczjznpJmKo1saL2mMKUAHFwq5HvZu (0) (Brain)
Checked: 1FJec3DR5vtyALjRKYFZN72XZe7ExE6GJH (0) (Mnemonic)
Checked: 1MGP5SXiT1h4N6spPt5jEqUTd7HQ95CCRD (0) (Mnemonic)
Checked: 18vskesob72uTTZkhjP2cJAtPwdB4aA7AN (0) (Brain)
Checked: 1GeiM8Ujx92Ha1SyfR7VQf4UMEJsr41j3k (0) (Brain)
Checked: 1EvaHdEQTMLt84KdHxiRStGHwPXRzhEAJa (0) (Mnemonic)
Checked: 14ZTTR1s4E8RyZQ86AjUJoW7aZoFttCVSY (0) (Mnemonic)
Checked: 12vRAcirUnf9BhsDifTpFLkhXgbrApZ7ea (0) (Mnemonic)
Checked: 135tNCb7mc1FiMXaf6pUifLDUxcoMTz25F (0) (Brain)
Checked: 1Kv3ayJRhDZfr9dGSW7gD3U9Ph6vA7sViu (0) (Brain)
Checked: 135FhUDrTThWiPyuTgdZPWGRaEVsurSpUF (0) (Brain)
Checked: 12nsPvx4idsHrE8bjVZ62Le1dhUTEsuHRC (0) (Brain)
Checked: 1Eon4i1yvf5jArEhAVgFYCbzhYfrqSsfRW (0) (Mnemonic)
Checked: 12a2R7b12rrUNAYDG1oukc9XbWb9fD7Xqn (0) (Brain)
Checked: 19NumspLLy1LNj82z6aYng584CZeTkQvq8 (0) (Brain)
Checked: 1KNDeNSi76R9nbnHeFM37c39mkeevfiToG (0) (Mnemonic)
Checked: 1NykpVaqunVdYp4kciSgxaRFNSfSYzMaox (0) (Mnemonic)
Checked: 1NKky7ZdYTLRk4rCRRX1LymtBXFMvigUf9 (0) (Mnemonic)
Checked: 1DrPGEgjiv2BMWcZD31rBfgbUvYPAJVHCt (0) (Mnemonic)
Checked: 1Fd6coc6sEJaPWmxNseAvS1NpoEEmJQFRi (0) (Brain)
Checked: 17mmcRXn9cZ6LPKsDxViTt5aDc3L3ZNEu3 (0) (Brain)
Checked: 156znPAcGHKYgHgdDfrs9namHP3QePNbrC (0) (Brain)
Checked: 1AFuAZsVRYeiEWSGZ6GBV3vTYWkxXC9rsf (0) (Mnemonic)
Checked: 1Gvvs5MiQf4fvxG9KPonBvwLq1g7H2c5s6 (0) (Mnemonic)
Checked: 17roYYTgBoEqcL9RciiSSru7uRDi7TBuSc (0) (Brain)
Checked: 1436PQYHqsZX8bMcRtcsqVfdWGN3zdke8n (0) (Mnemonic)
Checked: 13EDfyghMwDVc6Ew5eiY8uaTKUuPYnqaJU (0) (Brain)
Checked: 19Ypi2EAMaukY4SQ2EQSknBigHx151Y2qi (0) (Mnemonic)
Checked: 1JjycxzwHhQthoNb6h8ZBFeHrWW9oyJAAZ (0) (Mnemonic)
Checked: 12h2E4JEQzS197A6Lkr8ocxMDEvCDrwmjm (0) (Brain)
Checked: 1tWoqETnyQFWHZmMGRr1pmobFfCe5MCsk (0) (Mnemonic)
Checked: 1G97iGLroA36gSwo2KHD2FFY3L3sp6ycj (0) (Mnemonic)
Checked: 1D5P6AWKWL4nH8Urkak9uERu2YUqN6BY93 (0) (Brain)
Checked: 15hNZYgc45oAJ2s9djcf54wpeGsaDXBeZX (0) (Mnemonic)
Checked: 1KcYQaQBsjf8EVKsLNN58Ce2VRKAP9K7DG (0) (Brain)
Checked: 1J6ptEPZdan13M7q9xYjH9BSmfAhSHESg3 (0) (Brain)
Checked: 17a3hx41WNnoyCpmepfkM9RZAoUKXkQPKE (0) (Mnemonic)
Checked: 1CXtbLDUxbi4PKj2jHVByksh1UM3B4JYAm (0) (Mnemonic)
Checked: 14gEvFrAsJV3boYH9QdvvVm2gxe4HjtLKf (0) (Mnemonic)
Checked: 123kUkTwiEtAn7FrSU3Y1JToKqNFzToG1j (0) (Mnemonic)
Checked: 1MnfL3ev5YwHocCKZJNrYe77JxPtj7n8Ep (0) (Brain)
Checked: 14hM1s2qRyfcdvbyviz5Wig39xdGYA5z9H (0) (Brain)
Checked: 1Bj55aA4xfEzTezPVp2E77nF5sYfAE9hEx (0) (Brain)
Checked: 1E2BuXCgBshRj8jf5EmWCRvJ51hmkXee1G (0) (Brain)
Checked: 1ExoGHivUiX54LHPX8YvTJqVfZAnLKZnr7 (0) (Mnemonic)
Checked: 1AE18gmRNRWBejKTSyhSay3P9HwWCpZk2Y (0) (Brain)
Checked: 1Mf357Svw3YzfXGHiH1gzqXi3nma7CN9wp (0) (Mnemonic)
Checked: 17DVUgxUDaHN7N7z193bBHmArrpZ1x4PtL (0) (Mnemonic)
Checked: 1ApgXJAMPV74kEdJguLHGdQfWhS8bn9EvC (0) (Mnemonic)
Checked: 1DKi6RBYg1LCdnce14KdZ4BMmFpyJFnqkd (0) (Brain)
Checked: 1AEJeXWBT7H2BpufDv22bxuQtUUDqj59mP (0) (Brain)
Checked: 1LRrG1rCEggCm4d5rejtFyuUkFg1pE8xrR (0) (Mnemonic)
Checked: 15My9WBSFNP5n3g9zLxXbwinSitm2w2rBp (0) (Mnemonic)
Checked: 1Bfvri2uNW3ZEVFv4CosTvNJP5FYXL9xy6 (0) (Brain)
Checked: 172tb41aXWM9g5ZJYgzab1THRBMs5UgpYf (0) (Brain)
Checked: 1MNEqEKmYyi8rukncnhs23gbPBPZx2Prdu (0) (Mnemonic)
Checked: 1DexubSZMWXJU5D4qLXrqrycuWcDM5y2dU (0) (Brain)
Checked: 1Cp8bVRciogT4oqkvxvUL5pkjQ6e93N7x7 (0) (Mnemonic)
Checked: 1GqPjCpMn6FPDQR6p3TTfrR8M17rwXAyAP (0) (Mnemonic)
Checked: 1M5pRe8R97RxPGKDajEfhxyx1RsZ14tp5k (0) (Mnemonic)
Checked: 1GgAFbiTw8tYE3SkjnKQ8BN5xKUJzFLUw2 (0) (Mnemonic)
Checked: 1BpryytPQoKnVeftSuqjpAfFGfoqb9Lgp4 (0) (Brain)
Checked: 18czYDast61JDhcAFL69sbsGgmFZ7rJHCr (0) (Mnemonic)
Checked: 1A4W3rhaqJSr2Mg8Qc1HWp8jtXjztPWyxZ (0) (Brain)
Checked: 1GJ5kUTMUxDqg23NtJwxnMzGEFt4Kt77eW (0) (Brain)
Checked: 1MNfC3r7RmHVP8HvqFuC62C3NQNpXamRHR (0) (Mnemonic)
Checked: 13iLnAGK2nvoxCpGF4Ai4Eeec2Lto6ohjt (0) (Mnemonic)Wed Feb 18 12:07:53 2026: Checked: 18KgNKLS9EZJhz1dk985CPxFjy4MrAdiJh (0) (Brain)
